127.0.0.1 - - [03/Jan/2021:00:00:39 +0800] "GET / HTTP/1.1" 200 78447
127.0.0.1 - - [03/Jan/2021:00:00:39 +0800] "GET /style.css HTTP/1.1" 200 3041
127.0.0.1 - - [03/Jan/2021:00:00:39 +0800] "GET /images/header.png HTTP/1.1" 200 7766
127.0.0.1 - - [03/Jan/2021:00:00:39 +0800] "GET /images/menuleft.jpg HTTP/1.1" 200 11236
127.0.0.1 - - [03/Jan/2021:00:00:39 +0800] "GET /images/background.jpg HTTP/1.1" 200 12386
127.0.0.1 - - [03/Jan/2021:00:00:39 +0800] "GET /images/menu.jpg HTTP/1.1" 200 11219
127.0.0.1 - - [03/Jan/2021:00:00:39 +0800] "GET /images/menuright.jpg HTTP/1.1" 200 11239
127.0.0.1 - - [03/Jan/2021:00:00:39 +0800] "GET /images/topcontent.jpg HTTP/1.1" 200 11578
127.0.0.1 - - [03/Jan/2021:00:00:39 +0800] "GET /images/content.jpg HTTP/1.1" 200 11916
127.0.0.1 - - [03/Jan/2021:00:00:39 +0800] "GET /images/banner.jpg HTTP/1.1" 200 42876
127.0.0.1 - - [03/Jan/2021:00:00:39 +0800] "GET /favicon.ico HTTP/1.1" 404 196
127.0.0.1 - - [03/Jan/2021:00:00:56 +0800] "GET / HTTP/1.1" 200 78682
127.0.0.1 - - [03/Jan/2021:00:01:56 +0800] "-" 408 -
::1 - - [03/Jan/2021:00:02:11 +0800] "GET /phpmyadmin/ HTTP/1.1" 200 3635
::1 - - [03/Jan/2021:00:02:11 +0800] "GET /phpmyadmin/js/whitelist.php?v=5.0.1 HTTP/1.1" 200 478
::1 - - [03/Jan/2021:00:02:11 +0800] "GET /phpmyadmin/js/messages.php?l=zh_TW&v=5.0.1 HTTP/1.1" 200 9725
::1 - - [03/Jan/2021:00:02:15 +0800] "GET /phpmyadmin/index.php?db=&table=&token=6b3e5f363c6f4f22637461514d6b7024&lang=en HTTP/1.1" 200 3524
::1 - - [03/Jan/2021:00:02:15 +0800] "GET /phpmyadmin/js/messages.php?l=en&v=5.0.1 HTTP/1.1" 200 8847
::1 - - [03/Jan/2021:00:02:19 +0800] "GET /phpmyadmin/doc/html/index.html HTTP/1.1" 200 14976
::1 - - [03/Jan/2021:00:02:19 +0800] "GET /phpmyadmin/doc/html/_static/classic.css HTTP/1.1" 200 4146
::1 - - [03/Jan/2021:00:02:19 +0800] "GET /phpmyadmin/doc/html/_static/pygments.css HTTP/1.1" 200 4395
::1 - - [03/Jan/2021:00:02:19 +0800] "GET /phpmyadmin/doc/html/_static/doctools.js HTTP/1.1" 200 8166
::1 - - [03/Jan/2021:00:02:19 +0800] "GET /phpmyadmin/doc/html/_static/underscore.js HTTP/1.1" 200 52919
::1 - - [03/Jan/2021:00:02:19 +0800] "GET /phpmyadmin/doc/html/_static/jquery.js HTTP/1.1" 200 267246
::1 - - [03/Jan/2021:00:02:19 +0800] "GET /phpmyadmin/doc/html/_static/basic.css HTTP/1.1" 200 9740
::1 - - [03/Jan/2021:00:02:19 +0800] "GET /favicon.ico HTTP/1.1" 404 196
::1 - - [03/Jan/2021:00:05:03 +0800] "POST /phpmyadmin/index.php HTTP/1.1" 302 20
::1 - - [03/Jan/2021:00:05:03 +0800] "GET /phpmyadmin/index.php HTTP/1.1" 200 13321
::1 - - [03/Jan/2021:00:05:04 +0800] "GET /phpmyadmin/themes/pmahomme/img/logo_left.png HTTP/1.1" 200 2713
::1 - - [03/Jan/2021:00:05:04 +0800] "GET /phpmyadmin/themes/pmahomme/css/theme.css?v=5.0.1&nocache=2054441249ltr&server=1 HTTP/1.1" 200 100397
::1 - - [03/Jan/2021:00:05:04 +0800] "GET /phpmyadmin/themes/pmahomme/img/left_nav_bg.png HTTP/1.1" 200 146
::1 - - [03/Jan/2021:00:05:04 +0800] "GET /phpmyadmin/themes/pmahomme/img/b_home.png HTTP/1.1" 200 734
::1 - - [03/Jan/2021:00:05:04 +0800] "GET /phpmyadmin/themes/pmahomme/img/s_loggoff.png HTTP/1.1" 200 626
::1 - - [03/Jan/2021:00:05:04 +0800] "GET /phpmyadmin/themes/pmahomme/img/b_sqlhelp.png HTTP/1.1" 200 512
::1 - - [03/Jan/2021:00:05:04 +0800] "GET /phpmyadmin/themes/pmahomme/img/s_cog.png HTTP/1.1" 200 442
::1 - - [03/Jan/2021:00:05:04 +0800] "GET /phpmyadmin/themes/pmahomme/img/b_docs.png HTTP/1.1" 200 705
::1 - - [03/Jan/2021:00:05:04 +0800] "GET /phpmyadmin/themes/pmahomme/img/s_db.png HTTP/1.1" 200 328
::1 - - [03/Jan/2021:00:05:04 +0800] "GET /phpmyadmin/themes/pmahomme/img/b_plus.png HTTP/1.1" 200 143
::1 - - [03/Jan/2021:00:05:04 +0800] "GET /phpmyadmin/themes/pmahomme/img/s_reload.png HTTP/1.1" 200 527
::1 - - [03/Jan/2021:00:05:04 +0800] "GET /phpmyadmin/themes/pmahomme/img/b_newdb.png HTTP/1.1" 200 585
::1 - - [03/Jan/2021:00:05:04 +0800] "GET /phpmyadmin/themes/pmahomme/img/s_link.png HTTP/1.1" 200 280
::1 - - [03/Jan/2021:00:05:04 +0800] "GET /phpmyadmin/themes/pmahomme/img/s_host.png HTTP/1.1" 200 591
::1 - - [03/Jan/2021:00:05:04 +0800] "GET /phpmyadmin/themes/pmahomme/img/b_sql.png HTTP/1.1" 200 680
::1 - - [03/Jan/2021:00:05:04 +0800] "GET /phpmyadmin/themes/pmahomme/img/s_status.png HTTP/1.1" 200 600
::1 - - [03/Jan/2021:00:05:04 +0800] "GET /phpmyadmin/themes/pmahomme/img/b_export.png HTTP/1.1" 200 514
::1 - - [03/Jan/2021:00:05:04 +0800] "GET /phpmyadmin/themes/pmahomme/img/s_rights.png HTTP/1.1" 200 461
::1 - - [03/Jan/2021:00:05:04 +0800] "GET /phpmyadmin/themes/pmahomme/img/b_import.png HTTP/1.1" 200 556
::1 - - [03/Jan/2021:00:05:04 +0800] "GET /phpmyadmin/themes/pmahomme/img/b_tblops.png HTTP/1.1" 200 537
::1 - - [03/Jan/2021:00:05:04 +0800] "GET /phpmyadmin/themes/pmahomme/img/s_asci.png HTTP/1.1" 200 148
::1 - - [03/Jan/2021:00:05:04 +0800] "GET /phpmyadmin/themes/pmahomme/img/s_replication.png HTTP/1.1" 200 399
::1 - - [03/Jan/2021:00:05:04 +0800] "GET /phpmyadmin/themes/pmahomme/img/b_plugin.png HTTP/1.1" 200 512
::1 - - [03/Jan/2021:00:05:04 +0800] "GET /phpmyadmin/themes/pmahomme/img/s_top.png HTTP/1.1" 200 220
::1 - - [03/Jan/2021:00:05:04 +0800] "GET /phpmyadmin/themes/pmahomme/img/s_passwd.png HTTP/1.1" 200 331
::1 - - [03/Jan/2021:00:05:04 +0800] "GET /phpmyadmin/themes/pmahomme/img/s_lang.png HTTP/1.1" 200 659
::1 - - [03/Jan/2021:00:05:04 +0800] "GET /phpmyadmin/themes/pmahomme/img/b_engine.png HTTP/1.1" 200 398
::1 - - [03/Jan/2021:00:05:04 +0800] "GET /phpmyadmin/themes/pmahomme/img/s_theme.png HTTP/1.1" 200 772
::1 - - [03/Jan/2021:00:05:04 +0800] "GET /phpmyadmin/themes/pmahomme/img/s_vars.png HTTP/1.1" 200 523
::1 - - [03/Jan/2021:00:05:04 +0800] "GET /phpmyadmin/themes/pmahomme/img/window-new.png HTTP/1.1" 200 468
::1 - - [03/Jan/2021:00:05:04 +0800] "GET /phpmyadmin/themes/pmahomme/img/console.png HTTP/1.1" 200 292
::1 - - [03/Jan/2021:00:05:04 +0800] "GET /phpmyadmin/themes/pmahomme/img/s_notice.png HTTP/1.1" 200 567
::1 - - [03/Jan/2021:00:05:04 +0800] "POST /phpmyadmin/ajax.php HTTP/1.1" 200 1413
::1 - - [03/Jan/2021:00:05:04 +0800] "GET /phpmyadmin/themes/pmahomme/img/b_more.png HTTP/1.1" 200 111
::1 - - [03/Jan/2021:00:05:04 +0800] "POST /phpmyadmin/navigation.php?ajax_request=1 HTTP/1.1" 200 2057
::1 - - [03/Jan/2021:00:05:04 +0800] "POST /phpmyadmin/ajax.php HTTP/1.1" 200 1507
::1 - - [03/Jan/2021:00:05:05 +0800] "POST /phpmyadmin/ajax.php HTTP/1.1" 200 1404
::1 - - [03/Jan/2021:00:05:05 +0800] "POST /phpmyadmin/version_check.php HTTP/1.1" 200 28
::1 - - [03/Jan/2021:00:05:39 +0800] "GET /phpmyadmin/themes/pmahomme/img/ajax_clock_small.gif HTTP/1.1" 200 1810
::1 - - [03/Jan/2021:00:05:39 +0800] "GET /phpmyadmin/server_privileges.php?viewing_mode=server&ajax_request=true&ajax_page_request=true&_nocache=1609603538997541499&token=723b652b6866486e4f224e2b60477239 HTTP/1.1" 200 3060
::1 - - [03/Jan/2021:00:05:39 +0800] "GET /phpmyadmin/themes/pmahomme/img/b_usredit.png HTTP/1.1" 200 757
::1 - - [03/Jan/2021:00:05:39 +0800] "GET /phpmyadmin/themes/pmahomme/img/b_tblexport.png HTTP/1.1" 200 514
::1 - - [03/Jan/2021:00:05:39 +0800] "GET /phpmyadmin/themes/pmahomme/img/b_usradd.png HTTP/1.1" 200 670
::1 - - [03/Jan/2021:00:05:39 +0800] "GET /phpmyadmin/themes/pmahomme/img/b_usrdrop.png HTTP/1.1" 200 697
::1 - - [03/Jan/2021:00:05:39 +0800] "GET /phpmyadmin/js/server/privileges.js?v=5.0.1 HTTP/1.1" 200 19243
::1 - - [03/Jan/2021:00:05:39 +0800] "GET /phpmyadmin/themes/pmahomme/img/arrow_ltr.png HTTP/1.1" 200 101
::1 - - [03/Jan/2021:00:05:39 +0800] "GET /phpmyadmin/js/vendor/zxcvbn.js?v=5.0.1 HTTP/1.1" 200 821676
::1 - - [03/Jan/2021:00:05:42 +0800] "GET /phpmyadmin/themes/pmahomme/img/s_unlink.png HTTP/1.1" 200 589
::1 - - [03/Jan/2021:00:05:43 +0800] "GET /phpmyadmin/index.php?ajax_request=true&ajax_page_request=true&_nocache=1609603543835586290&token=723b652b6866486e4f224e2b60477239 HTTP/1.1" 200 7171
::1 - - [03/Jan/2021:00:05:44 +0800] "POST /phpmyadmin/version_check.php HTTP/1.1" 200 28
::1 - - [03/Jan/2021:00:29:39 +0800] "POST /phpmyadmin/index.php HTTP/1.1" 200 1403
::1 - - [03/Jan/2021:00:29:41 +0800] "POST /phpmyadmin/index.php HTTP/1.1" 200 1403
::1 - - [03/Jan/2021:00:29:43 +0800] "POST /phpmyadmin/index.php HTTP/1.1" 200 1403
::1 - - [03/Jan/2021:00:29:45 +0800] "POST /phpmyadmin/index.php HTTP/1.1" 200 1403
